<?xml version="1.0" encoding="UTF-8"?>
<!-- Generated by org.testng.reporters.JUnitReportReporter -->
<testsuite hostname="Tapan" failures="0" tests="4" name="tapanhpandya.testcases.LoginPageTestDay3" time="12.457" errors="0" timestamp="2023-01-23T16:21:46 EST" skipped="0">
  <testcase classname="tapanhpandya.testcases.LoginPageTestDay3" name="correctCredentialLoginTest" time="4.826"/>
  <system-out/>
  <testcase classname="tapanhpandya.testcases.LoginPageTestDay3" name="incorrectUserAndCorrectPasswordTest" time="2.561"/>
  <system-out/>
  <testcase classname="tapanhpandya.testcases.LoginPageTestDay3" name="validUserAndInvalidPasswordTest" time="2.564"/>
  <system-out/>
  <testcase classname="tapanhpandya.testcases.LoginPageTestDay3" name="invalidUserAndInvalidPasswordTest" time="2.506"/>
  <system-out/>
</testsuite> <!-- tapanhpandya.testcases.LoginPageTestDay3 -->
