<?xml version="1.0" encoding="UTF-8"?>
<!-- Generated by org.testng.reporters.JUnitReportReporter -->
<testsuite hostname="Tapan" failures="0" tests="1" name="tapanhpandya.testcases.LoginPageTest" time="3.336" errors="0" timestamp="2023-01-23T16:21:46 EST" skipped="0">
  <testcase classname="tapanhpandya.testcases.LoginPageTest" name="loginTest" time="3.336"/>
  <system-out/>
</testsuite> <!-- tapanhpandya.testcases.LoginPageTest -->
