<?xml version="1.0" encoding="UTF-8"?>
<!-- Generated by org.testng.reporters.JUnitReportReporter -->
<testsuite hostname="Tapan" failures="0" tests="1" name="tapanhpandya.testcases.LoginPageTest" time="5.559" errors="0" timestamp="2023-01-18T15:13:44 EST" skipped="0">
  <testcase classname="tapanhpandya.testcases.LoginPageTest" name="loginTest" time="5.559"/>
  <system-out/>
</testsuite> <!-- tapanhpandya.testcases.LoginPageTest -->
